# JRE version: Java(TM) SE Runtime Environment (8.0_05-b13) (build 1.8.0_05-b13)
# Java VM: Java HotSpot(TM) 64-Bit Server VM (25.5-b02 mixed mode windows-amd64 compressed oops)
Heap:
 PSYoungGen      total 54784K, used 7888K [0x00000000eab00000, 0x00000000ee780000, 0x0000000100000000)
  eden space 48128K, 2% used [0x00000000eab00000,0x00000000eac36d18,0x00000000eda00000)
  from space 6656K, 99% used [0x00000000eda00000,0x00000000ee07d440,0x00000000ee080000)
  to   space 6144K, 0% used [0x00000000ee080000,0x00000000ee080000,0x00000000ee680000)
 ParOldGen       total 96768K, used 25150K [0x00000000c0000000, 0x00000000c5e80000, 0x00000000eab00000)
  object space 96768K, 25% used [0x00000000c0000000,0x00000000c188f998,0x00000000c5e80000)
 Metaspace       used 6030K, capacity 7000K, committed 7168K, reserved 1056768K
  class space    used 608K, capacity 656K, committed 768K, reserved 1048576K
GC Heap History (10 events):
Event: 6.502 GC heap before
{Heap before GC invocations=12 (full 0):
 PSYoungGen      total 14848K, used 14848K [0x00000000eab00000, 0x00000000ec680000, 0x0000000100000000)
  eden space 11776K, 100% used [0x00000000eab00000,0x00000000eb680000,0x00000000eb680000)
  from space 3072K, 100% used [0x00000000eb680000,0x00000000eb980000,0x00000000eb980000)
  to   space 4608K, 0% used [0x00000000ec200000,0x00000000ec200000,0x00000000ec680000)
 ParOldGen       total 96768K, used 5637K [0x00000000c0000000, 0x00000000c5e80000, 0x00000000eab00000)
  object space 96768K, 5% used [0x00000000c0000000,0x00000000c05816b0,0x00000000c5e80000)
 Metaspace       used 5856K, capacity 6896K, committed 7040K, reserved 1056768K
  class space    used 586K, capacity 616K, committed 640K, reserved 1048576K
Event: 6.535 GC heap after
Heap after GC invocations=12 (full 0):
 PSYoungGen      total 22528K, used 2176K [0x00000000eab00000, 0x00000000ec580000, 0x0000000100000000)
  eden space 18944K, 0% used [0x00000000eab00000,0x00000000eab00000,0x00000000ebd80000)
  from space 3584K, 60% used [0x00000000ec200000,0x00000000ec420010,0x00000000ec580000)
  to   space 4096K, 0% used [0x00000000ebd80000,0x00000000ebd80000,0x00000000ec180000)
 ParOldGen       total 96768K, used 8235K [0x00000000c0000000, 0x00000000c5e80000, 0x00000000eab00000)
  object space 96768K, 8% used [0x00000000c0000000,0x00000000c080ac80,0x00000000c5e80000)
 Metaspace       used 5856K, capacity 6896K, committed 7040K, reserved 1056768K
  class space    used 586K, capacity 616K, committed 640K, reserved 1048576K
}
Event: 8.710 GC heap before
{Heap before GC invocations=13 (full 0):
 PSYoungGen      total 22528K, used 21120K [0x00000000eab00000, 0x00000000ec580000, 0x0000000100000000)
  eden space 18944K, 100% used [0x00000000eab00000,0x00000000ebd80000,0x00000000ebd80000)
  from space 3584K, 60% used [0x00000000ec200000,0x00000000ec420010,0x00000000ec580000)
  to   space 4096K, 0% used [0x00000000ebd80000,0x00000000ebd80000,0x00000000ec180000)
 ParOldGen       total 96768K, used 8235K [0x00000000c0000000, 0x00000000c5e80000, 0x00000000eab00000)
  object space 96768K, 8% used [0x00000000c0000000,0x00000000c080ac80,0x00000000c5e80000)
 Metaspace       used 5870K, capacity 6896K, committed 7040K, reserved 1056768K
  class space    used 586K, capacity 616K, committed 640K, reserved 1048576K
Event: 8.816 GC heap after
Heap after GC invocations=13 (full 0):
 PSYoungGen      total 23040K, used 4064K [0x00000000eab00000, 0x00000000ed300000, 0x0000000100000000)
  eden space 18944K, 0% used [0x00000000eab00000,0x00000000eab00000,0x00000000ebd80000)
  from space 4096K, 99% used [0x00000000ebd80000,0x00000000ec178000,0x00000000ec180000)
  to   space 5120K, 0% used [0x00000000ece00000,0x00000000ece00000,0x00000000ed300000)
 ParOldGen       total 96768K, used 10112K [0x00000000c0000000, 0x00000000c5e80000, 0x00000000eab00000)
  object space 96768K, 10% used [0x00000000c0000000,0x00000000c09e0090,0x00000000c5e80000)
 Metaspace       used 5870K, capacity 6896K, committed 7040K, reserved 1056768K
  class space    used 586K, capacity 616K, committed 640K, reserved 1048576K
}
Event: 9.177 GC heap before
{Heap before GC invocations=14 (full 0):
 PSYoungGen      total 23040K, used 23008K [0x00000000eab00000, 0x00000000ed300000, 0x0000000100000000)
  eden space 18944K, 100% used [0x00000000eab00000,0x00000000ebd80000,0x00000000ebd80000)
  from space 4096K, 99% used [0x00000000ebd80000,0x00000000ec178000,0x00000000ec180000)
  to   space 5120K, 0% used [0x00000000ece00000,0x00000000ece00000,0x00000000ed300000)
 ParOldGen       total 96768K, used 10112K [0x00000000c0000000, 0x00000000c5e80000, 0x00000000eab00000)
  object space 96768K, 10% used [0x00000000c0000000,0x00000000c09e0090,0x00000000c5e80000)
 Metaspace       used 5974K, capacity 6904K, committed 7040K, reserved 1056768K
  class space    used 607K, capacity 624K, committed 640K, reserved 1048576K
Event: 9.201 GC heap after
Heap after GC invocations=14 (full 0):
 PSYoungGen      total 35328K, used 3960K [0x00000000eab00000, 0x00000000ed400000, 0x0000000100000000)
  eden space 30208K, 0% used [0x00000000eab00000,0x00000000eab00000,0x00000000ec880000)
  from space 5120K, 77% used [0x00000000ece00000,0x00000000ed1de210,0x00000000ed300000)
  to   space 5632K, 0% used [0x00000000ec880000,0x00000000ec880000,0x00000000ece00000)
 ParOldGen       total 96768K, used 12218K [0x00000000c0000000, 0x00000000c5e80000, 0x00000000eab00000)
  object space 96768K, 12% used [0x00000000c0000000,0x00000000c0beea00,0x00000000c5e80000)
 Metaspace       used 5974K, capacity 6904K, committed 7040K, reserved 1056768K
  class space    used 607K, capacity 624K, committed 640K, reserved 1048576K
}
Event: 9.524 GC heap before
{Heap before GC invocations=15 (full 0):
 PSYoungGen      total 35328K, used 34168K [0x00000000eab00000, 0x00000000ed400000, 0x0000000100000000)
  eden space 30208K, 100% used [0x00000000eab00000,0x00000000ec880000,0x00000000ec880000)
  from space 5120K, 77% used [0x00000000ece00000,0x00000000ed1de210,0x00000000ed300000)
  to   space 5632K, 0% used [0x00000000ec880000,0x00000000ec880000,0x00000000ece00000)
 ParOldGen       total 96768K, used 12218K [0x00000000c0000000, 0x00000000c5e80000, 0x00000000eab00000)
  object space 96768K, 12% used [0x00000000c0000000,0x00000000c0beea00,0x00000000c5e80000)
 Metaspace       used 6000K, capacity 6968K, committed 7040K, reserved 1056768K
  class space    used 607K, capacity 624K, committed 640K, reserved 1048576K
Event: 9.571 GC heap after
Heap after GC invocations=15 (full 0):
 PSYoungGen      total 35840K, used 4369K [0x00000000eab00000, 0x00000000ee680000, 0x0000000100000000)
  eden space 30208K, 0% used [0x00000000eab00000,0x00000000eab00000,0x00000000ec880000)
  from space 5632K, 77% used [0x00000000ec880000,0x00000000eccc4720,0x00000000ece00000)
  to   space 6144K, 0% used [0x00000000ee080000,0x00000000ee080000,0x00000000ee680000)
 ParOldGen       total 96768K, used 15696K [0x00000000c0000000, 0x00000000c5e80000, 0x00000000eab00000)
  object space 96768K, 16% used [0x00000000c0000000,0x00000000c0f54318,0x00000000c5e80000)
 Metaspace       used 6000K, capacity 6968K, committed 7040K, reserved 1056768K
  class space    used 607K, capacity 624K, committed 640K, reserved 1048576K
}
Event: 9.914 GC heap before
{Heap before GC invocations=16 (full 0):
 PSYoungGen      total 35840K, used 34577K [0x00000000eab00000, 0x00000000ee680000, 0x0000000100000000)
  eden space 30208K, 100% used [0x00000000eab00000,0x00000000ec880000,0x00000000ec880000)
  from space 5632K, 77% used [0x00000000ec880000,0x00000000eccc4720,0x00000000ece00000)
  to   space 6144K, 0% used [0x00000000ee080000,0x00000000ee080000,0x00000000ee680000)
 ParOldGen       total 96768K, used 15696K [0x00000000c0000000, 0x00000000c5e80000, 0x00000000eab00000)
  object space 96768K, 16% used [0x00000000c0000000,0x00000000c0f54318,0x00000000c5e80000)
 Metaspace       used 6011K, capacity 6968K, committed 7040K, reserved 1056768K
  class space    used 607K, capacity 624K, committed 640K, reserved 1048576K
Event: 9.944 GC heap after
Heap after GC invocations=16 (full 0):
 PSYoungGen      total 54272K, used 4912K [0x00000000eab00000, 0x00000000ee780000, 0x0000000100000000)
  eden space 48128K, 0% used [0x00000000eab00000,0x00000000eab00000,0x00000000eda00000)
  from space 6144K, 79% used [0x00000000ee080000,0x00000000ee54c010,0x00000000ee680000)
  to   space 6656K, 0% used [0x00000000eda00000,0x00000000eda00000,0x00000000ee080000)
 ParOldGen       total 96768K, used 19773K [0x00000000c0000000, 0x00000000c5e80000, 0x00000000eab00000)
  object space 96768K, 20% used [0x00000000c0000000,0x00000000c134f6b8,0x00000000c5e80000)
 Metaspace       used 6011K, capacity 6968K, committed 7040K, reserved 1056768K
  class space    used 607K, capacity 624K, committed 640K, reserved 1048576K
}

